C:\Program Files (x86)\Microsoft Visual Studio\2017\Community\Common7\IDE\VC\VCTargets\Microsoft.CppBuild.targets(387,5): warning MSB8028: The intermediate directory (x64\Release\) contains files shared from another project (OpenCV-Practice.vcxproj).  This can lead to incorrect clean and rebuild behavior.
  GDC-MoCap.cpp
GDC-MoCap.cpp(70): warning C4244: 'return': conversion from 'int' to 'float', possible loss of data
GDC-MoCap.cpp(80): warning C4244: 'initializing': conversion from 'int' to 'float', possible loss of data
GDC-MoCap.cpp(94): warning C4244: 'initializing': conversion from 'double' to 'float', possible loss of data
GDC-MoCap.cpp(161): warning C4267: 'initializing': conversion from 'size_t' to 'int', possible loss of data
GDC-MoCap.cpp(163): warning C4267: 'initializing': conversion from 'size_t' to 'int', possible loss of data
GDC-MoCap.cpp(164): warning C4267: 'initializing': conversion from 'size_t' to 'int', possible loss of data
GDC-MoCap.cpp(167): warning C4267: 'initializing': conversion from 'size_t' to 'int', possible loss of data
GDC-MoCap.cpp(170): warning C4267: 'initializing': conversion from 'size_t' to 'int', possible loss of data
GDC-MoCap.cpp(188): warning C4267: 'initializing': conversion from 'size_t' to 'int', possible loss of data
GDC-MoCap.cpp(191): warning C4267: '=': conversion from 'size_t' to 'int', possible loss of data
GDC-MoCap.cpp(197): warning C4267: '=': conversion from 'size_t' to 'int', possible loss of data
GDC-MoCap.cpp(206): warning C4267: '=': conversion from 'size_t' to 'int', possible loss of data
GDC-MoCap.cpp(263): warning C4244: 'argument': conversion from 'double' to 'int', possible loss of data
GDC-MoCap.cpp(265): warning C4244: 'argument': conversion from 'double' to 'int', possible loss of data
GDC-MoCap.cpp(269): warning C4244: 'argument': conversion from 'double' to 'int', possible loss of data
GDC-MoCap.cpp(344): warning C4244: 'argument': conversion from 'double' to 'int', possible loss of data
GDC-MoCap.cpp(345): warning C4244: '*=': conversion from 'double' to 'int', possible loss of data
GDC-MoCap.cpp(346): warning C4244: 'argument': conversion from 'double' to 'int', possible loss of data
  Generating code
  15 of 673 functions ( 2.2%) were compiled, the rest were copied from previous compilation.
    0 functions were new in current compilation
    31 functions had inline decision re-evaluated but remain unchanged
  Finished generating code
  GDC-MoCap.vcxproj -> C:\Users\Michael\Documents\GitHub\GDC-MoCap\x64\Release\GDC-MoCap.exe
  GDC-MoCap.vcxproj -> C:\Users\Michael\Documents\GitHub\GDC-MoCap\x64\Release\GDC-MoCap.pdb (Full PDB)
